<?xml version="1.0" encoding="UTF-8"?>
<!-- Generated by org.testng.reporters.JUnitReportReporter -->
<testsuite hostname="LAPTOP-QSDOH0RR" failures="0" tests="2" name="com.test.VerifyLoginPage" time="1.150" errors="0" timestamp="2024-04-13T10:37:50 IST" skipped="0">
  <testcase classname="com.test.VerifyLoginPage" name="verifyLoginePage" time="0.189"/>
  <system-out/>
  <testcase classname="com.test.VerifyLoginPage" name="verifyLoginePage" time="0.961"/>
  <system-out/>
</testsuite> <!-- com.test.VerifyLoginPage -->
